<?xml version="1.0" encoding="UTF-8"?>
<!-- Generated by org.testng.reporters.JUnitReportReporter -->
<testsuite skipped="0" hostname="LenovoY50-70" name="TestNG._7thTest_TestNG" tests="4" failures="0" timestamp="29 Sep 2019 15:22:58 GMT" time="0.007" errors="0">
  <testcase name="test2" time="0.001" classname="TestNG._7thTest_TestNG"/>
  <testcase name="test3" time="0.001" classname="TestNG._7thTest_TestNG"/>
  <testcase name="test1" time="0.004" classname="TestNG._7thTest_TestNG"/>
  <testcase name="test4" time="0.001" classname="TestNG._7thTest_TestNG"/>
</testsuite> <!-- TestNG._7thTest_TestNG -->
