<?xml version="1.0" encoding="UTF-8"?>
<!-- Generated by org.testng.reporters.JUnitReportReporter -->
<testsuite skipped="0" hostname="2210-BGR" name="TestNG._8th_TestNg_DataProvider" tests="5" failures="0" timestamp="19 Oct 2019 16:48:20 GMT" time="14.890" errors="0">
  <testcase name="loginTest" time="2.913" classname="TestNG._8th_TestNg_DataProvider"/>
  <testcase name="loginTest" time="3.416" classname="TestNG._8th_TestNg_DataProvider"/>
  <testcase name="loginTest" time="2.715" classname="TestNG._8th_TestNg_DataProvider"/>
  <testcase name="loginTest" time="2.858" classname="TestNG._8th_TestNg_DataProvider"/>
  <testcase name="loginTest" time="2.988" classname="TestNG._8th_TestNg_DataProvider"/>
</testsuite> <!-- TestNG._8th_TestNg_DataProvider -->
