<?xml version="1.0" encoding="UTF-8"?>
<!-- Generated by org.testng.reporters.JUnitReportReporter -->
<testsuite skipped="0" hostname="2210-BGR" name="TestNG._9th_TestNg_DataProvider2" tests="2" failures="0" timestamp="04 Oct 2019 07:01:44 GMT" time="5.794" errors="0">
  <testcase name="loginTest1" time="3.315" classname="TestNG._9th_TestNg_DataProvider2"/>
  <testcase name="loginTest1" time="2.479" classname="TestNG._9th_TestNg_DataProvider2"/>
</testsuite> <!-- TestNG._9th_TestNg_DataProvider2 -->
