<?xml version="1.0" encoding="UTF-8"?>
<!-- Generated by org.testng.reporters.JUnitReportReporter -->
<testsuite skipped="0" hostname="2210-BGR" name="TestNG_CSV_Reading.Test_CSVread" tests="2" failures="0" timestamp="19 Oct 2019 17:11:52 GMT" time="0.014" errors="0">
  <testcase name="testNgTest" time="0.012" classname="TestNG_CSV_Reading.Test_CSVread"/>
  <testcase name="testNgTest" time="0.002" classname="TestNG_CSV_Reading.Test_CSVread"/>
</testsuite> <!-- TestNG_CSV_Reading.Test_CSVread -->
