<?xml version="1.0" encoding="UTF-8"?>
<!-- Generated by org.testng.reporters.JUnitReportReporter -->
<testsuite skipped="0" hostname="2210-BGR" name="TestNG._8th_TestNg_DataProvider" tests="4" failures="0" timestamp="04 Oct 2019 07:09:11 GMT" time="10.707" errors="0">
  <testcase name="loginTest" time="3.172" classname="TestNG._8th_TestNg_DataProvider"/>
  <testcase name="loginTest" time="2.394" classname="TestNG._8th_TestNg_DataProvider"/>
  <testcase name="loginTest" time="2.513" classname="TestNG._8th_TestNg_DataProvider"/>
  <testcase name="loginTest" time="2.628" classname="TestNG._8th_TestNg_DataProvider"/>
</testsuite> <!-- TestNG._8th_TestNg_DataProvider -->
