<?xml version="1.0" encoding="UTF-8"?>
<!-- Generated by org.testng.reporters.JUnitReportReporter -->
<testsuite skipped="0" hostname="LenovoY50-70" name="TestNG_CSV_Reading.Test_" tests="1" failures="0" timestamp="29 Sep 2019 18:14:02 GMT" time="0.016" errors="0">
  <testcase name="testNgTest" time="0.016" classname="TestNG_CSV_Reading.Test_"/>
</testsuite> <!-- TestNG_CSV_Reading.Test_ -->
