<?xml version="1.0" encoding="UTF-8"?>
<!-- Generated by org.testng.reporters.JUnitReportReporter -->
<testsuite skipped="0" hostname="LenovoY50-70" name="TestNG._91th_TestNg_Excel_read" tests="4" failures="0" timestamp="29 Sep 2019 17:40:41 GMT" time="6.037" errors="0">
  <testcase name="loginTest" time="1.391" classname="TestNG._91th_TestNg_Excel_read"/>
  <testcase name="loginTest" time="1.734" classname="TestNG._91th_TestNg_Excel_read"/>
  <testcase name="loginTest" time="1.620" classname="TestNG._91th_TestNg_Excel_read"/>
  <testcase name="loginTest" time="1.292" classname="TestNG._91th_TestNg_Excel_read"/>
</testsuite> <!-- TestNG._91th_TestNg_Excel_read -->
