<?xml version="1.0" encoding="UTF-8"?>
<!-- Generated by org.testng.reporters.JUnitReportReporter -->
<testsuite skipped="0" hostname="2210-BGR" name="TestNG._9th_TestNg_DataProvider2" tests="4" failures="0" timestamp="18 Oct 2019 08:29:40 GMT" time="10.177" errors="0">
  <testcase name="loginTest" time="2.525" classname="TestNG._9th_TestNg_DataProvider2"/>
  <testcase name="loginTest" time="2.579" classname="TestNG._9th_TestNg_DataProvider2"/>
  <testcase name="loginTest" time="2.419" classname="TestNG._9th_TestNg_DataProvider2"/>
  <testcase name="loginTest" time="2.654" classname="TestNG._9th_TestNg_DataProvider2"/>
</testsuite> <!-- TestNG._9th_TestNg_DataProvider2 -->
