<?xml version="1.0" encoding="UTF-8"?>
<!-- Generated by org.testng.reporters.JUnitReportReporter -->
<testsuite skipped="0" hostname="2210-BGR" name="TestNG._9th_TestNg_Excel_read" tests="4" failures="0" timestamp="19 Oct 2019 17:16:24 GMT" time="8.462" errors="0">
  <testcase name="loginTest" time="2.245" classname="TestNG._9th_TestNg_Excel_read"/>
  <testcase name="loginTest" time="1.977" classname="TestNG._9th_TestNg_Excel_read"/>
  <testcase name="loginTest" time="2.119" classname="TestNG._9th_TestNg_Excel_read"/>
  <testcase name="loginTest" time="2.121" classname="TestNG._9th_TestNg_Excel_read"/>
</testsuite> <!-- TestNG._9th_TestNg_Excel_read -->
