<?xml version="1.0" encoding="UTF-8"?>
<!-- Generated by org.testng.reporters.JUnitReportReporter -->
<testsuite skipped="0" hostname="2210-BGR" name="TestNG._7thTest_TestNG_annotation" tests="4" failures="0" timestamp="04 Oct 2019 07:09:11 GMT" time="0.022" errors="0">
  <testcase name="test1" time="0.011" classname="TestNG._7thTest_TestNG_annotation"/>
  <testcase name="test4" time="0.006" classname="TestNG._7thTest_TestNG_annotation"/>
  <testcase name="test2" time="0.002" classname="TestNG._7thTest_TestNG_annotation"/>
  <testcase name="test3" time="0.003" classname="TestNG._7thTest_TestNG_annotation"/>
</testsuite> <!-- TestNG._7thTest_TestNG_annotation -->
