<?xml version="1.0" encoding="UTF-8"?>
<!-- Generated by org.testng.reporters.JUnitReportReporter -->
<testsuite skipped="0" hostname="2210-BGR" name="POM.Test1" tests="2" failures="0" timestamp="02 Oct 2019 08:37:51 GMT" time="8.543" errors="0">
  <testcase name="test1" time="3.803" classname="POM.Test1"/>
  <testcase name="test1" time="4.740" classname="POM.Test1"/>
</testsuite> <!-- POM.Test1 -->
