<?xml version="1.0" encoding="UTF-8"?>
<!-- Generated by org.testng.reporters.JUnitReportReporter -->
<testsuite skipped="0" hostname="2210-BGR" name="TestNG._7thTest_TestNG_annotation2" tests="5" failures="0" timestamp="19 Oct 2019 16:29:06 GMT" time="0.019" errors="0">
  <testcase name="test5" time="0.014" classname="TestNG._7thTest_TestNG_annotation2"/>
  <testcase name="test1" time="0.002" classname="TestNG._7thTest_TestNG_annotation2"/>
  <testcase name="test3" time="0.001" classname="TestNG._7thTest_TestNG_annotation2"/>
  <testcase name="test4" time="0.001" classname="TestNG._7thTest_TestNG_annotation2"/>
  <testcase name="test2" time="0.001" classname="TestNG._7thTest_TestNG_annotation2"/>
</testsuite> <!-- TestNG._7thTest_TestNG_annotation2 -->
