<?xml version="1.0" encoding="UTF-8"?>
<!-- Generated by org.testng.reporters.JUnitReportReporter -->
<testsuite skipped="0" hostname="2210-BGR" name="tPOM_tests.Test2" tests="1" failures="0" timestamp="18 Oct 2019 07:57:53 GMT" time="4.798" errors="0">
  <testcase name="testSuccessLogin" time="4.798" classname="tPOM_tests.Test2"/>
</testsuite> <!-- tPOM_tests.Test2 -->
